Unity Editor version:    6000.2.10f1 (d3d30d158480)
Branch:                  6000.2/staging
Build type:              Release
Batch mode:              YES
macOS version:           Version 14.6 (Build 23G80)
Darwin version:          23.6.0
Architecture:            arm64
Running under Rosetta:   NO
Available memory:        16384 MB
Date:                    2025-12-18T04:56:18Z
[Licensing::Module] Trying to connect to existing licensing client channel...
[Licensing::IpcConnector] Successfully connected to: "LicenseClient-sonmeo" at "2025-12-18T04:56:18.409662Z"

COMMAND LINE ARGUMENTS:
/Applications/Unity/Hub/Editor/6000.2.10f1/Unity.app/Contents/MacOS/Unity
-adb2
-batchMode
-noUpm
-name
AssetImportWorker1
-projectPath
/Users/sonmeo/Documents/Năm 4/Kỳ 1/PTG/Echo of the Void
-logFile
Logs/AssetImportWorker1.log
-srvPort
49929
-licensingIpc
LicenseClient-sonmeo
-job-worker-count
3
-background-job-worker-count
8
-gc-helper-count
1
-name AssetImport
Successfully changed project path to: /Users/sonmeo/Documents/Năm 4/Kỳ 1/PTG/Echo of the Void
/Users/sonmeo/Documents/Năm 4/Kỳ 1/PTG/Echo of the Void
[UnityMemory] Configuration Parameters - Can be set up in boot.config
    "memorysetup-allocator-temp-initial-block-size-main=262144"
    "memorysetup-allocator-temp-initial-block-size-worker=262144"
    "memorysetup-bucket-allocator-granularity=16"
    "memorysetup-bucket-allocator-bucket-count=8"
    "memorysetup-bucket-allocator-block-size=33554432"
    "memorysetup-bucket-allocator-block-count=8"
    "memorysetup-main-allocator-block-size=16777216"
    "memorysetup-thread-allocator-block-size=16777216"
    "memorysetup-gfx-main-allocator-block-size=16777216"
    "memorysetup-gfx-thread-allocator-block-size=16777216"
    "memorysetup-cache-allocator-block-size=4194304"
    "memorysetup-typetree-allocator-block-size=2097152"
    "memorysetup-profiler-bucket-allocator-granularity=16"
    "memorysetup-profiler-bucket-allocator-bucket-count=8"
    "memorysetup-profiler-bucket-allocator-block-size=33554432"
    "memorysetup-profiler-bucket-allocator-block-count=8"
    "memorysetup-profiler-allocator-block-size=16777216"
    "memorysetup-profiler-editor-allocator-block-size=1048576"
    "memorysetup-temp-allocator-size-main=16777216"
    "memorysetup-job-temp-allocator-block-size=2097152"
    "memorysetup-job-temp-allocator-block-size-background=1048576"
    "memorysetup-job-temp-allocator-reduction-small-platforms=262144"
    "memorysetup-temp-allocator-size-background-worker=32768"
    "memorysetup-temp-allocator-size-job-worker=262144"
    "memorysetup-temp-allocator-size-preload-manager=33554432"
    "memorysetup-temp-allocator-size-nav-mesh-worker=65536"
    "memorysetup-temp-allocator-size-audio-worker=65536"
    "memorysetup-temp-allocator-size-cloud-worker=32768"
    "memorysetup-temp-allocator-size-gi-baking-worker=262144"
    "memorysetup-temp-allocator-size-gi-baking-worker=262144"
    "memorysetup-temp-allocator-size-gi-baking-worker=262144"
    "memorysetup-temp-allocator-size-gi-baking-worker=262144"
    "memorysetup-temp-allocator-size-gi-baking-worker=262144"
    "memorysetup-temp-allocator-size-gfx=262144"
Player connection [8300629824]  Target information:

Player connection [8300629824]  * "[IP] 192.168.1.9 [Port] 0 [Flags] 2 [Guid] 892441586 [EditorId] 892441586 [Version] 1048832 [Id] OSXEditor(0,Macbook-Air-cua-Son.local) [Debug] 1 [PackageName] OSXEditor [ProjectName] Editor" 

Player connection [8300629824] Host joined multi-casting on [225.0.0.222:54997]...
Player connection [8300629824] Host joined alternative multi-casting on [225.0.0.222:34997]...
JobSystem: Creating JobQueue using job-worker-count value 3
Input System module state changed to: Initialized.
[Physics::Module] Initialized fallback backend.
[Physics::Module] Id: 0xdecafbad
Library Redirect Path: Library/
[Physics::Module] Selected backend.
[Physics::Module] Name: PhysX
[Physics::Module] Id: 0xf2b8ea05
[Physics::Module] SDK Version: 4.1.2
[Physics::Module] Integration Version: 1.0.0
[Physics::Module] Threading Mode: Multi-Threaded
Refreshing native plugins compatible for Editor in 4.20 ms, found 2 plugins.
Preloading 0 native plugins for Editor in 0.00 ms.
Initialize engine version: 6000.2.10f1 (d3d30d158480)
[Subsystems] Discovering subsystems at path /Applications/Unity/Hub/Editor/6000.2.10f1/Unity.app/Contents/Resources/UnitySubsystems
[Subsystems] Discovering subsystems at path /Users/sonmeo/Documents/Năm 4/Kỳ 1/PTG/Echo of the Void/Assets
GfxDevice: creating device client; kGfxThreadingModeNonThreaded
 preferred device: Apple M2 (high power)
Metal devices available: 1
0: Apple M2 (high power)
Using device Apple M2 (high power)
Initializing Metal device caps: Apple M2
Mac GPU Family: 2
Apple GPU Family: 8
MSL Version: 3.0
Has Float MSAA: 1
Has Float Filtering: 1
ReadWrite Texture Tier: 2
Initialize mono
Mono path[0] = '/Applications/Unity/Hub/Editor/6000.2.10f1/Unity.app/Contents/Managed'
Mono path[1] = '/Applications/Unity/Hub/Editor/6000.2.10f1/Unity.app/Contents/MonoBleedingEdge/lib/mono/unityjit-macos'
Mono config path = '/Applications/Unity/Hub/Editor/6000.2.10f1/Unity.app/Contents/MonoBleedingEdge/etc'
Using monoOptions --debugger-agent=transport=dt_socket,embedding=1,server=y,suspend=n,address=127.0.0.1:56537
Begin MonoManager ReloadAssembly
Registering precompiled unity dll's ...
Register platform support module: /Applications/Unity/Hub/Editor/6000.2.10f1/PlaybackEngines/WebGLSupport/UnityEditor.WebGL.Extensions.dll
[Licensing::Client] Code 10 while verifying Licensing Client signature (process Id: 977, path: "/Applications/Unity Hub.app/Contents/Frameworks/UnityLicensingClient_V1.app/Contents/MacOS/Unity.Licensing.Client")
[Licensing::Module] LicensingClient has failed validation; ignoring
Register platform support module: /Applications/Unity/Hub/Editor/6000.2.10f1/Unity.app/Contents/PlaybackEngines/MacStandaloneSupport/UnityEditor.OSXStandalone.Extensions.dll
Registered in 0.002979 seconds.
[Licensing::Client] Handshaking with LicensingClient:
  Version:                 1.17.4+4293ba1
  Session Id:              4851edfc5d6d4a46b3e8c4c403b66959
  Correlation Id:          55985bf40e7362dd5172cc33427da0db
  External correlation Id: 8448722063622351451
  Machine Id:              aXErSNl+uvcKkt655aKERdXUCuI=
[Licensing::Module] Successfully connected to LicensingClient on channel: "LicenseClient-sonmeo" (connect: 0.00s, validation: 0.00s, handshake: 0.89s)
[Licensing::IpcConnector] Successfully connected to: "LicenseClient-sonmeo-notifications" at "2025-12-18T04:56:19.305926Z"
[Licensing::Module] Licensing Background thread has ended after 0.90s
- Loaded All Assemblies, in  0.631 seconds
Native extension for OSXStandalone target not found
Native extension for WebGL target not found
Mono: successfully reloaded assembly
- Finished resetting the current domain, in  0.688 seconds
Domain Reload Profiling: 1319ms
	BeginReloadAssembly (121ms)
		ExecutionOrderSort (0ms)
		DisableScriptedObjects (0ms)
		BackupInstance (0ms)
		ReleaseScriptingObjects (0ms)
		CreateAndSetChildDomain (1ms)
	RebuildCommonClasses (60ms)
	RebuildNativeTypeToScriptingClass (24ms)
	initialDomainReloadingComplete (81ms)
	LoadAllAssembliesAndSetupDomain (345ms)
		LoadAssemblies (120ms)
		RebuildTransferFunctionScriptingTraits (0ms)
		AnalyzeDomain (340ms)
			TypeCache.Refresh (338ms)
				TypeCache.ScanAssembly (312ms)
			BuildScriptInfoCaches (0ms)
			ResolveRequiredComponents (1ms)
	FinalizeReload (688ms)
		ReleaseScriptCaches (0ms)
		RebuildScriptCaches (0ms)
		SetupLoadedEditorAssemblies (570ms)
			LogAssemblyErrors (0ms)
			InitializePlatformSupportModulesInManaged (82ms)
			SetLoadedEditorAssemblies (6ms)
			BeforeProcessingInitializeOnLoad (83ms)
			ProcessInitializeOnLoadAttributes (219ms)
			ProcessInitializeOnLoadMethodAttributes (179ms)
			AfterProcessingInitializeOnLoad (0ms)
			EditorAssembliesLoaded (0ms)
		ExecutionOrderSort2 (0ms)
		AwakeInstancesAfterBackupRestoration (0ms)
Assembly reference Packages/com.unity.cinemachine/Editor/Samples/ExposeHDRPInternals/HDRP-Editor-ref.asmref has no target assembly definition
[CoreBusinessMetrics] Unexpected thread when updating session info.
[CoreBusinessMetrics] Unexpected thread when constructing MetricsHeader.
[CoreBusinessMetrics] Unexpected thread when constructing MetricsHeader.
========================================================================
Worker process is ready to serve import requests
Import Worker Mode flag is 0x00
Assembly reference Packages/com.unity.cinemachine/Editor/Samples/ExposeHDRPInternals/HDRP-Editor-ref.asmref has no target assembly definition
Assembly reference Packages/com.unity.cinemachine/Editor/Samples/ExposeHDRPInternals/HDRP-Editor-ref.asmref has no target assembly definition
Begin MonoManager ReloadAssembly
[Licensing::Client] Successfully resolved entitlement details
[Licensing::Module] License group:
  Id: 18968345893620-UnityPersXXXX
  Product: Unity Personal
  Type: Assigned
  Expiration: Unlimited
- Loaded All Assemblies, in  1.406 seconds
Assembly reference Packages/com.unity.cinemachine/Editor/Samples/ExposeHDRPInternals/HDRP-Editor-ref.asmref has no target assembly definition
'Packages/com.unity.cinemachine/Editor/Obsolete/CinemachineVirtualCameraBaseEditor.cs' contains partial class of Unity.Object, exactly 1 of the partial classes needs to be in a file with the same filename. This is to know the one that can be referenced from ie. GameObjects
'Packages/com.unity.cinemachine/Editor/Editors/CinemachineVirtualCameraBaseEditor.cs' contains partial class of Unity.Object, exactly 1 of the partial classes needs to be in a file with the same filename. This is to know the one that can be referenced from ie. GameObjects
Refreshing native plugins compatible for Editor in 0.81 ms, found 2 plugins.
Native extension for OSXStandalone target not found
Native extension for WebGL target not found
Assembly reference Packages/com.unity.cinemachine/Editor/Samples/ExposeHDRPInternals/HDRP-Editor-ref.asmref has no target assembly definition
Package Manager log level set to [2]
[Package Manager] Failed to launch server process. Reason: Unity was launched with the -noUpm command-line argument
[Package Manager] Unable to send message (not connected to server process).
[Package Manager] Cannot connect to Unity Package Manager local server
[Package Manager] Failed to launch server process. Reason: Unity was launched with the -noUpm command-line argument
[Package Manager] Unable to send message (not connected to server process).
[Package Manager] Cannot connect to Unity Package Manager local server
Mono: successfully reloaded assembly
- Finished resetting the current domain, in  1.741 seconds
Domain Reload Profiling: 3148ms
	BeginReloadAssembly (267ms)
		ExecutionOrderSort (0ms)
		DisableScriptedObjects (10ms)
		BackupInstance (0ms)
		ReleaseScriptingObjects (0ms)
		CreateAndSetChildDomain (104ms)
	RebuildCommonClasses (66ms)
	RebuildNativeTypeToScriptingClass (25ms)
	initialDomainReloadingComplete (48ms)
	LoadAllAssembliesAndSetupDomain (1000ms)
		LoadAssemblies (493ms)
		RebuildTransferFunctionScriptingTraits (0ms)
		AnalyzeDomain (597ms)
			TypeCache.Refresh (460ms)
				TypeCache.ScanAssembly (424ms)
			BuildScriptInfoCaches (104ms)
			ResolveRequiredComponents (25ms)
	FinalizeReload (1742ms)
		ReleaseScriptCaches (0ms)
		RebuildScriptCaches (0ms)
		SetupLoadedEditorAssemblies (1468ms)
			LogAssemblyErrors (0ms)
			InitializePlatformSupportModulesInManaged (5ms)
			SetLoadedEditorAssemblies (12ms)
			BeforeProcessingInitializeOnLoad (332ms)
			ProcessInitializeOnLoadAttributes (917ms)
			ProcessInitializeOnLoadMethodAttributes (198ms)
			AfterProcessingInitializeOnLoad (4ms)
			EditorAssembliesLoaded (0ms)
		ExecutionOrderSort2 (0ms)
		AwakeInstancesAfterBackupRestoration (8ms)
WARNING: Shader Unsupported: 'Universal Render Pipeline/VR/SpatialMapping/Wireframe' - All subshaders removed
WARNING: Shader Did you use #pragma only_renderers and omit this platform?
WARNING: Shader If subshaders removal was intentional, you may have forgotten turning Fallback off?
WARNING: Shader Unsupported: 'Universal Render Pipeline/VR/SpatialMapping/Wireframe' - All subshaders removed
WARNING: Shader Did you use #pragma only_renderers and omit this platform?
WARNING: Shader If subshaders removal was intentional, you may have forgotten turning Fallback off?
Launching external process: /Applications/Unity/Hub/Editor/6000.2.10f1/Unity.app/Contents/Tools/UnityShaderCompiler
Launched and connected shader compiler UnityShaderCompiler after 0.14 seconds
Refreshing native plugins compatible for Editor in 1.45 ms, found 2 plugins.
Preloading 0 native plugins for Editor in 0.00 ms.
Unloading 16 Unused Serialized files (Serialized files now loaded: 0)
Unloading 7161 unused Assets / (2.9 MB). Loaded Objects now: 7869.
Memory consumption went from 138.6 MB to 135.7 MB.
Total: 20.220917 ms (FindLiveObjects: 1.005041 ms CreateObjectMapping: 0.879000 ms MarkObjects: 13.647084 ms  DeleteObjects: 4.689209 ms)

========================================================================
Received Prepare
WARNING: Shader Unsupported: 'Universal Render Pipeline/VR/SpatialMapping/Wireframe' - All subshaders removed
WARNING: Shader Did you use #pragma only_renderers and omit this platform?
WARNING: Shader If subshaders removal was intentional, you may have forgotten turning Fallback off?
WARNING: Shader Unsupported: 'Universal Render Pipeline/VR/SpatialMapping/Wireframe' - All subshaders removed
WARNING: Shader Did you use #pragma only_renderers and omit this platform?
WARNING: Shader If subshaders removal was intentional, you may have forgotten turning Fallback off?
Refreshing native plugins compatible for Editor in 1.15 ms, found 2 plugins.
Preloading 0 native plugins for Editor in 0.00 ms.
Unloading 16 Unused Serialized files (Serialized files now loaded: 0)
Unloading 16 unused Assets / (1.9 MB). Loaded Objects now: 7869.
Memory consumption went from 132.5 MB to 130.5 MB.
Total: 13.195459 ms (FindLiveObjects: 0.435208 ms CreateObjectMapping: 0.269833 ms MarkObjects: 11.455792 ms  DeleteObjects: 1.033667 ms)

Prepare: number of updated asset objects reloaded= 0
========================================================================
Received Import Request.
  Time since last request: 9650.772553 seconds.
  path: Assets/Pack SciFi Environment/Pixel Art SciFi Graphics Toolkit - Props/keycardYellow_Idle.png
  artifactKey: Guid(147d8a58e2d2e402a941aa0df2244ee0) Importer(815301076,1909f56bfc062723c751e8b465ee728b)
Start importing Assets/Pack SciFi Environment/Pixel Art SciFi Graphics Toolkit - Props/keycardYellow_Idle.png using Guid(147d8a58e2d2e402a941aa0df2244ee0) Importer(815301076,1909f56bfc062723c751e8b465ee728b) (PreviewImporter) -> (artifact id: '2de221ee0203f841ff9fa24dd2a40247') in 0.181353541 seconds
Number of updated asset objects reloaded before import = 0Number of asset objects unloaded after import = 3

========================================================================
Received Import Request.
  Time since last request: 0.000146 seconds.
  path: Assets/Pack SciFi Environment/Pixel Art SciFi Graphics Toolkit - Props/keycardblue_idle.png
  artifactKey: Guid(f1c3f8ac5f6d5472b8d2d0b37d191e78) Importer(815301076,1909f56bfc062723c751e8b465ee728b)
Start importing Assets/Pack SciFi Environment/Pixel Art SciFi Graphics Toolkit - Props/keycardblue_idle.png using Guid(f1c3f8ac5f6d5472b8d2d0b37d191e78) Importer(815301076,1909f56bfc062723c751e8b465ee728b) (PreviewImporter) -> (artifact id: '0a133bae3d7d07f6eecc50ce3f76298e') in 0.014969042 seconds
Number of updated asset objects reloaded before import = 0Number of asset objects unloaded after import = 3

========================================================================
Received Import Request.
  Time since last request: 0.000076 seconds.
  path: Assets/Pack SciFi Environment/Pixel Art SciFi Graphics Toolkit - Props/keycardblue_Highlighted.png
  artifactKey: Guid(c2277c9c238a24772ac28e22c108aaea) Importer(815301076,1909f56bfc062723c751e8b465ee728b)
Start importing Assets/Pack SciFi Environment/Pixel Art SciFi Graphics Toolkit - Props/keycardblue_Highlighted.png using Guid(c2277c9c238a24772ac28e22c108aaea) Importer(815301076,1909f56bfc062723c751e8b465ee728b) (PreviewImporter) -> (artifact id: '62366a8bc6f25186a633446053060b70') in 0.014126458 seconds
Number of updated asset objects reloaded before import = 0Number of asset objects unloaded after import = 3

========================================================================
Received Import Request.
  Time since last request: 0.000071 seconds.
  path: Assets/Pack SciFi Environment/Pixel Art SciFi Graphics Toolkit - Props/Locker_Items_Locked.png
  artifactKey: Guid(532814c434e9a4eeebf9f23b990936b1) Importer(815301076,1909f56bfc062723c751e8b465ee728b)
Start importing Assets/Pack SciFi Environment/Pixel Art SciFi Graphics Toolkit - Props/Locker_Items_Locked.png using Guid(532814c434e9a4eeebf9f23b990936b1) Importer(815301076,1909f56bfc062723c751e8b465ee728b) (PreviewImporter) -> (artifact id: '48bb5e1604b935c79e4e25f8201a0396') in 0.015970833 seconds
Number of updated asset objects reloaded before import = 0Number of asset objects unloaded after import = 3

========================================================================
Received Import Request.
  Time since last request: 0.000071 seconds.
  path: Assets/Pack SciFi Environment/Pixel Art SciFi Graphics Toolkit - Props/Structure_02.png
  artifactKey: Guid(6c636135dafad45a39499003b07561fc) Importer(815301076,1909f56bfc062723c751e8b465ee728b)
Start importing Assets/Pack SciFi Environment/Pixel Art SciFi Graphics Toolkit - Props/Structure_02.png using Guid(6c636135dafad45a39499003b07561fc) Importer(815301076,1909f56bfc062723c751e8b465ee728b) (PreviewImporter) -> (artifact id: 'b5866c4ee9646bd71a1c6538d7da9c1d') in 0.022173125 seconds
Number of updated asset objects reloaded before import = 0Number of asset objects unloaded after import = 3

========================================================================
Received Import Request.
  Time since last request: 0.000089 seconds.
  path: Assets/Pack SciFi Environment/Pixel Art SciFi Graphics Toolkit - Props/Terminal_01_DoorLocked_2.png
  artifactKey: Guid(9c2ad8d7aa9714313b292dff2e1811c1) Importer(815301076,1909f56bfc062723c751e8b465ee728b)
Start importing Assets/Pack SciFi Environment/Pixel Art SciFi Graphics Toolkit - Props/Terminal_01_DoorLocked_2.png using Guid(9c2ad8d7aa9714313b292dff2e1811c1) Importer(815301076,1909f56bfc062723c751e8b465ee728b) (PreviewImporter) -> (artifact id: '8eb54d99641486ab44473ae8381b799a') in 0.015559875 seconds
Number of updated asset objects reloaded before import = 0Number of asset objects unloaded after import = 3

========================================================================
Received Import Request.
  Time since last request: 0.000069 seconds.
  path: Assets/Pack SciFi Environment/Pixel Art SciFi Graphics Toolkit - Props/Server_01_1.png
  artifactKey: Guid(71dc55a7b7bfa47d9ad77d212214a13d) Importer(815301076,1909f56bfc062723c751e8b465ee728b)
Start importing Assets/Pack SciFi Environment/Pixel Art SciFi Graphics Toolkit - Props/Server_01_1.png using Guid(71dc55a7b7bfa47d9ad77d212214a13d) Importer(815301076,1909f56bfc062723c751e8b465ee728b) (PreviewImporter) -> (artifact id: '421331ca35b356ba506b6be1cdc8a3af') in 0.015958459 seconds
Number of updated asset objects reloaded before import = 0Number of asset objects unloaded after import = 3

========================================================================
Received Import Request.
  Time since last request: 0.000098 seconds.
  path: Assets/Pack SciFi Environment/Pixel Art SciFi Graphics Toolkit - Props/Medikit_Opening_2.png
  artifactKey: Guid(6f9ee499a64a749b1b359c6ab8e6117b) Importer(815301076,1909f56bfc062723c751e8b465ee728b)
Start importing Assets/Pack SciFi Environment/Pixel Art SciFi Graphics Toolkit - Props/Medikit_Opening_2.png using Guid(6f9ee499a64a749b1b359c6ab8e6117b) Importer(815301076,1909f56bfc062723c751e8b465ee728b) (PreviewImporter) -> (artifact id: '8074ffdc4cb7dbf8202c0423ed734b4b') in 0.017748 seconds
Number of updated asset objects reloaded before import = 0Number of asset objects unloaded after import = 3

========================================================================
Received Import Request.
  Time since last request: 0.000069 seconds.
  path: Assets/Pack SciFi Environment/Pixel Art SciFi Graphics Toolkit - Props/Locker_Items_Opening_4.png
  artifactKey: Guid(f4103570d71ce4a05b2be5d3fe73269d) Importer(815301076,1909f56bfc062723c751e8b465ee728b)
Start importing Assets/Pack SciFi Environment/Pixel Art SciFi Graphics Toolkit - Props/Locker_Items_Opening_4.png using Guid(f4103570d71ce4a05b2be5d3fe73269d) Importer(815301076,1909f56bfc062723c751e8b465ee728b) (PreviewImporter) -> (artifact id: '52e564bfedc760a6cdd18105c751ad59') in 0.016790792 seconds
Number of updated asset objects reloaded before import = 0Number of asset objects unloaded after import = 3

========================================================================
Received Import Request.
  Time since last request: 0.000073 seconds.
  path: Assets/Pack SciFi Environment/Pixel Art SciFi Graphics Toolkit - Props/Locker_Items_Highlighted.png
  artifactKey: Guid(f01208eb2e861407cb5954325c239103) Importer(815301076,1909f56bfc062723c751e8b465ee728b)
Start importing Assets/Pack SciFi Environment/Pixel Art SciFi Graphics Toolkit - Props/Locker_Items_Highlighted.png using Guid(f01208eb2e861407cb5954325c239103) Importer(815301076,1909f56bfc062723c751e8b465ee728b) (PreviewImporter) -> (artifact id: '72218c063f713c3159b3e87b4c4824c1') in 0.016860292 seconds
Number of updated asset objects reloaded before import = 0Number of asset objects unloaded after import = 3

========================================================================
Received Import Request.
  Time since last request: 0.000081 seconds.
  path: Assets/Pack SciFi Environment/Pixel Art SciFi Graphics Toolkit - Props/Structure_01_1.png
  artifactKey: Guid(5e703a1f6c3d441389dfbc5ebbcb0cc8) Importer(815301076,1909f56bfc062723c751e8b465ee728b)
Start importing Assets/Pack SciFi Environment/Pixel Art SciFi Graphics Toolkit - Props/Structure_01_1.png using Guid(5e703a1f6c3d441389dfbc5ebbcb0cc8) Importer(815301076,1909f56bfc062723c751e8b465ee728b) (PreviewImporter) -> (artifact id: '5f630c748e00f3aa1e587a656625d2ab') in 0.016037583 seconds
Number of updated asset objects reloaded before import = 0Number of asset objects unloaded after import = 3

========================================================================
Received Import Request.
  Time since last request: 0.000102 seconds.
  path: Assets/Pack SciFi Environment/Pixel Art SciFi Graphics Toolkit - Props/Medikit_Highlighted.png
  artifactKey: Guid(3a1d500c273864b7bb473d94c128a830) Importer(815301076,1909f56bfc062723c751e8b465ee728b)
Start importing Assets/Pack SciFi Environment/Pixel Art SciFi Graphics Toolkit - Props/Medikit_Highlighted.png using Guid(3a1d500c273864b7bb473d94c128a830) Importer(815301076,1909f56bfc062723c751e8b465ee728b) (PreviewImporter) -> (artifact id: 'e358eaf4eb72a6b54ddba8784b84cfe7') in 0.018438458 seconds
Number of updated asset objects reloaded before import = 0Number of asset objects unloaded after import = 3

========================================================================
Received Import Request.
  Time since last request: 0.000106 seconds.
  path: Assets/Pack SciFi Environment/Pixel Art SciFi Graphics Toolkit - Props/Terminal_01_Highlighted_1.png
  artifactKey: Guid(7d0fbc9e0ca9a450381e925cdd11275a) Importer(815301076,1909f56bfc062723c751e8b465ee728b)
Start importing Assets/Pack SciFi Environment/Pixel Art SciFi Graphics Toolkit - Props/Terminal_01_Highlighted_1.png using Guid(7d0fbc9e0ca9a450381e925cdd11275a) Importer(815301076,1909f56bfc062723c751e8b465ee728b) (PreviewImporter) -> (artifact id: '9d293689b181baa21b7366d3dcea855a') in 0.016848291 seconds
Number of updated asset objects reloaded before import = 0Number of asset objects unloaded after import = 3

========================================================================
Received Import Request.
  Time since last request: 0.000121 seconds.
  path: Assets/Pack SciFi Environment/Pixel Art SciFi Graphics Toolkit - Props/Locker_Items_Opening_2.png
  artifactKey: Guid(486383013262b4d25bb1137758557ea8) Importer(815301076,1909f56bfc062723c751e8b465ee728b)
Start importing Assets/Pack SciFi Environment/Pixel Art SciFi Graphics Toolkit - Props/Locker_Items_Opening_2.png using Guid(486383013262b4d25bb1137758557ea8) Importer(815301076,1909f56bfc062723c751e8b465ee728b) (PreviewImporter) -> (artifact id: 'c9169a306cfc5c0863fe22fce2e4d26c') in 0.016928667 seconds
Number of updated asset objects reloaded before import = 0Number of asset objects unloaded after import = 3

========================================================================
Received Import Request.
  Time since last request: 0.000097 seconds.
  path: Assets/Pack SciFi Environment/Pixel Art SciFi Graphics Toolkit - Props/Server_02_1.png
  artifactKey: Guid(7aea4636a8ade48cf9164b4a75357b89) Importer(815301076,1909f56bfc062723c751e8b465ee728b)
Start importing Assets/Pack SciFi Environment/Pixel Art SciFi Graphics Toolkit - Props/Server_02_1.png using Guid(7aea4636a8ade48cf9164b4a75357b89) Importer(815301076,1909f56bfc062723c751e8b465ee728b) (PreviewImporter) -> (artifact id: '863515fadc9f03a6251c7115a0acb535') in 0.013601167 seconds
Number of updated asset objects reloaded before import = 0Number of asset objects unloaded after import = 3

========================================================================
Received Prepare
Assembly reference Packages/com.unity.cinemachine/Editor/Samples/ExposeHDRPInternals/HDRP-Editor-ref.asmref has no target assembly definition
Assembly reference Packages/com.unity.cinemachine/Editor/Samples/ExposeHDRPInternals/HDRP-Editor-ref.asmref has no target assembly definition
Begin MonoManager ReloadAssembly
Thread 0x16baeb000 may have been prematurely finalized
- Loaded All Assemblies, in  0.702 seconds
Assembly reference Packages/com.unity.cinemachine/Editor/Samples/ExposeHDRPInternals/HDRP-Editor-ref.asmref has no target assembly definition
'Packages/com.unity.cinemachine/Editor/Obsolete/CinemachineVirtualCameraBaseEditor.cs' contains partial class of Unity.Object, exactly 1 of the partial classes needs to be in a file with the same filename. This is to know the one that can be referenced from ie. GameObjects
'Packages/com.unity.cinemachine/Editor/Editors/CinemachineVirtualCameraBaseEditor.cs' contains partial class of Unity.Object, exactly 1 of the partial classes needs to be in a file with the same filename. This is to know the one that can be referenced from ie. GameObjects
Refreshing native plugins compatible for Editor in 0.57 ms, found 2 plugins.
Native extension for OSXStandalone target not found
Native extension for WebGL target not found
Assembly reference Packages/com.unity.cinemachine/Editor/Samples/ExposeHDRPInternals/HDRP-Editor-ref.asmref has no target assembly definition
[Package Manager] Failed to launch server process. Reason: Unity was launched with the -noUpm command-line argument
[Package Manager] Unable to send message (not connected to server process).
[Package Manager] Cannot connect to Unity Package Manager local server
[Package Manager] Failed to launch server process. Reason: Unity was launched with the -noUpm command-line argument
[Package Manager] Unable to send message (not connected to server process).
[Package Manager] Cannot connect to Unity Package Manager local server
Mono: successfully reloaded assembly
- Finished resetting the current domain, in  0.855 seconds
Domain Reload Profiling: 1560ms
	BeginReloadAssembly (186ms)
		ExecutionOrderSort (0ms)
		DisableScriptedObjects (12ms)
		BackupInstance (0ms)
		ReleaseScriptingObjects (0ms)
		CreateAndSetChildDomain (72ms)
	RebuildCommonClasses (42ms)
	RebuildNativeTypeToScriptingClass (16ms)
	initialDomainReloadingComplete (21ms)
	LoadAllAssembliesAndSetupDomain (440ms)
		LoadAssemblies (269ms)
		RebuildTransferFunctionScriptingTraits (0ms)
		AnalyzeDomain (219ms)
			TypeCache.Refresh (12ms)
				TypeCache.ScanAssembly (0ms)
			BuildScriptInfoCaches (191ms)
			ResolveRequiredComponents (13ms)
	FinalizeReload (855ms)
		ReleaseScriptCaches (0ms)
		RebuildScriptCaches (0ms)
		SetupLoadedEditorAssemblies (705ms)
			LogAssemblyErrors (0ms)
			InitializePlatformSupportModulesInManaged (2ms)
			SetLoadedEditorAssemblies (7ms)
			BeforeProcessingInitializeOnLoad (168ms)
			ProcessInitializeOnLoadAttributes (472ms)
			ProcessInitializeOnLoadMethodAttributes (55ms)
			AfterProcessingInitializeOnLoad (1ms)
			EditorAssembliesLoaded (0ms)
		ExecutionOrderSort2 (0ms)
		AwakeInstancesAfterBackupRestoration (13ms)
WARNING: Shader Unsupported: 'Universal Render Pipeline/VR/SpatialMapping/Wireframe' - All subshaders removed
WARNING: Shader Did you use #pragma only_renderers and omit this platform?
WARNING: Shader If subshaders removal was intentional, you may have forgotten turning Fallback off?
WARNING: Shader Unsupported: 'Universal Render Pipeline/VR/SpatialMapping/Wireframe' - All subshaders removed
WARNING: Shader Did you use #pragma only_renderers and omit this platform?
WARNING: Shader If subshaders removal was intentional, you may have forgotten turning Fallback off?
Refreshing native plugins compatible for Editor in 0.80 ms, found 2 plugins.
Preloading 0 native plugins for Editor in 0.00 ms.
Unloading 16 Unused Serialized files (Serialized files now loaded: 0)
Unloading 7159 unused Assets / (3.7 MB). Loaded Objects now: 7907.
Memory consumption went from 150.1 MB to 146.4 MB.
Total: 9.616375 ms (FindLiveObjects: 0.525583 ms CreateObjectMapping: 0.474333 ms MarkObjects: 6.606375 ms  DeleteObjects: 2.009500 ms)

Prepare: number of updated asset objects reloaded= 0
========================================================================
Received Import Request.
  Time since last request: 52.606515 seconds.
  path: Assets/InputSystem_Actions.inputactions
  artifactKey: Guid(2bcd2660ca9b64942af0de543d8d7100) Importer(815301076,1909f56bfc062723c751e8b465ee728b)
Start importing Assets/InputSystem_Actions.inputactions using Guid(2bcd2660ca9b64942af0de543d8d7100) Importer(815301076,1909f56bfc062723c751e8b465ee728b) (PreviewImporter) -> (artifact id: 'de76679f4b82718a6d6b6413ff5513bb') in 0.043054167 seconds
Number of updated asset objects reloaded before import = 0Number of asset objects unloaded after import = 19

